<?xml version="1.0" encoding="UTF-8"?>
<testsuite xmlns:xsi="http://www.w3.org/2001/XMLSchema-instance" xsi:noNamespaceSchemaLocation="https://maven.apache.org/surefire/maven-surefire-plugin/xsd/surefire-test-report-3.0.xsd" version="3.0" name="TestSuite" time="35.919" tests="6" errors="0" skipped="0" failures="1">
  <properties>
    <property name="java.specification.version" value="21"/>
    <property name="sun.cpu.isalist" value="amd64"/>
    <property name="sun.jnu.encoding" value="Cp1252"/>
    <property name="java.class.path" value="C:\Users\Mehedi Hasan SQA\IdeaProjects\java_unit_framework\target\test-classes;C:\Users\Mehedi Hasan SQA\IdeaProjects\java_unit_framework\target\classes;C:\Users\Mehedi Hasan SQA\.m2\repository\org\testng\testng\7.8.0\testng-7.8.0.jar;C:\Users\Mehedi Hasan SQA\.m2\repository\org\slf4j\slf4j-api\1.7.36\slf4j-api-1.7.36.jar;C:\Users\Mehedi Hasan SQA\.m2\repository\com\beust\jcommander\1.82\jcommander-1.82.jar;C:\Users\Mehedi Hasan SQA\.m2\repository\org\webjars\jquery\3.6.1\jquery-3.6.1.jar;C:\Users\Mehedi Hasan SQA\.m2\repository\com\github\aquality-automation\aquality-selenium\4.13.0\aquality-selenium-4.13.0.jar;C:\Users\Mehedi Hasan SQA\.m2\repository\com\github\aquality-automation\aquality-selenium-core\4.7.0\aquality-selenium-core-4.7.0.jar;C:\Users\Mehedi Hasan SQA\.m2\repository\org\apache\logging\log4j\log4j-api\2.25.1\log4j-api-2.25.1.jar;C:\Users\Mehedi Hasan SQA\.m2\repository\org\apache\logging\log4j\log4j-core\2.25.1\log4j-core-2.25.1.jar;C:\Users\Mehedi Hasan SQA\.m2\repository\com\google\inject\guice\6.0.0\guice-6.0.0.jar;C:\Users\Mehedi Hasan SQA\.m2\repository\javax\inject\javax.inject\1\javax.inject-1.jar;C:\Users\Mehedi Hasan SQA\.m2\repository\jakarta\inject\jakarta.inject-api\2.0.1\jakarta.inject-api-2.0.1.jar;C:\Users\Mehedi Hasan SQA\.m2\repository\aopalliance\aopalliance\1.0\aopalliance-1.0.jar;C:\Users\Mehedi Hasan SQA\.m2\repository\com\google\guava\guava\33.4.8-jre\guava-33.4.8-jre.jar;C:\Users\Mehedi Hasan SQA\.m2\repository\com\google\guava\failureaccess\1.0.3\failureaccess-1.0.3.jar;C:\Users\Mehedi Hasan SQA\.m2\repository\com\google\guava\listenablefuture\9999.0-empty-to-avoid-conflict-with-guava\listenablefuture-9999.0-empty-to-avoid-conflict-with-guava.jar;C:\Users\Mehedi Hasan SQA\.m2\repository\org\jspecify\jspecify\1.0.0\jspecify-1.0.0.jar;C:\Users\Mehedi Hasan SQA\.m2\repository\com\google\errorprone\error_prone_annotations\2.36.0\error_prone_annotations-2.36.0.jar;C:\Users\Mehedi Hasan SQA\.m2\repository\com\google\j2objc\j2objc-annotations\3.0.0\j2objc-annotations-3.0.0.jar;C:\Users\Mehedi Hasan SQA\.m2\repository\org\seleniumhq\selenium\selenium-java\4.34.0\selenium-java-4.34.0.jar;C:\Users\Mehedi Hasan SQA\.m2\repository\org\seleniumhq\selenium\selenium-api\4.34.0\selenium-api-4.34.0.jar;C:\Users\Mehedi Hasan SQA\.m2\repository\org\seleniumhq\selenium\selenium-chrome-driver\4.34.0\selenium-chrome-driver-4.34.0.jar;C:\Users\Mehedi Hasan SQA\.m2\repository\com\google\auto\service\auto-service-annotations\1.1.1\auto-service-annotations-1.1.1.jar;C:\Users\Mehedi Hasan SQA\.m2\repository\org\seleniumhq\selenium\selenium-chromium-driver\4.34.0\selenium-chromium-driver-4.34.0.jar;C:\Users\Mehedi Hasan SQA\.m2\repository\org\seleniumhq\selenium\selenium-json\4.34.0\selenium-json-4.34.0.jar;C:\Users\Mehedi Hasan SQA\.m2\repository\org\seleniumhq\selenium\selenium-manager\4.34.0\selenium-manager-4.34.0.jar;C:\Users\Mehedi Hasan SQA\.m2\repository\org\seleniumhq\selenium\selenium-devtools-v136\4.34.0\selenium-devtools-v136-4.34.0.jar;C:\Users\Mehedi Hasan SQA\.m2\repository\org\seleniumhq\selenium\selenium-devtools-v137\4.34.0\selenium-devtools-v137-4.34.0.jar;C:\Users\Mehedi Hasan SQA\.m2\repository\org\seleniumhq\selenium\selenium-devtools-v138\4.34.0\selenium-devtools-v138-4.34.0.jar;C:\Users\Mehedi Hasan SQA\.m2\repository\org\seleniumhq\selenium\selenium-edge-driver\4.34.0\selenium-edge-driver-4.34.0.jar;C:\Users\Mehedi Hasan SQA\.m2\repository\org\seleniumhq\selenium\selenium-firefox-driver\4.34.0\selenium-firefox-driver-4.34.0.jar;C:\Users\Mehedi Hasan SQA\.m2\repository\org\seleniumhq\selenium\selenium-http\4.34.0\selenium-http-4.34.0.jar;C:\Users\Mehedi Hasan SQA\.m2\repository\org\seleniumhq\selenium\selenium-ie-driver\4.34.0\selenium-ie-driver-4.34.0.jar;C:\Users\Mehedi Hasan SQA\.m2\repository\org\seleniumhq\selenium\selenium-remote-driver\4.34.0\selenium-remote-driver-4.34.0.jar;C:\Users\Mehedi Hasan SQA\.m2\repository\io\opentelemetry\opentelemetry-api\1.51.0\opentelemetry-api-1.51.0.jar;C:\Users\Mehedi Hasan SQA\.m2\repository\io\opentelemetry\opentelemetry-context\1.51.0\opentelemetry-context-1.51.0.jar;C:\Users\Mehedi Hasan SQA\.m2\repository\io\opentelemetry\opentelemetry-exporter-logging\1.51.0\opentelemetry-exporter-logging-1.51.0.jar;C:\Users\Mehedi Hasan SQA\.m2\repository\io\opentelemetry\opentelemetry-sdk-common\1.51.0\opentelemetry-sdk-common-1.51.0.jar;C:\Users\Mehedi Hasan SQA\.m2\repository\io\opentelemetry\opentelemetry-sdk-extension-autoconfigure-spi\1.51.0\opentelemetry-sdk-extension-autoconfigure-spi-1.51.0.jar;C:\Users\Mehedi Hasan SQA\.m2\repository\io\opentelemetry\opentelemetry-sdk-extension-autoconfigure\1.51.0\opentelemetry-sdk-extension-autoconfigure-1.51.0.jar;C:\Users\Mehedi Hasan SQA\.m2\repository\io\opentelemetry\opentelemetry-sdk-trace\1.51.0\opentelemetry-sdk-trace-1.51.0.jar;C:\Users\Mehedi Hasan SQA\.m2\repository\io\opentelemetry\opentelemetry-sdk\1.51.0\opentelemetry-sdk-1.51.0.jar;C:\Users\Mehedi Hasan SQA\.m2\repository\io\opentelemetry\opentelemetry-sdk-metrics\1.51.0\opentelemetry-sdk-metrics-1.51.0.jar;C:\Users\Mehedi Hasan SQA\.m2\repository\io\opentelemetry\opentelemetry-sdk-logs\1.51.0\opentelemetry-sdk-logs-1.51.0.jar;C:\Users\Mehedi Hasan SQA\.m2\repository\net\bytebuddy\byte-buddy\1.17.6\byte-buddy-1.17.6.jar;C:\Users\Mehedi Hasan SQA\.m2\repository\org\seleniumhq\selenium\selenium-os\4.34.0\selenium-os-4.34.0.jar;C:\Users\Mehedi Hasan SQA\.m2\repository\org\apache\commons\commons-exec\1.5.0\commons-exec-1.5.0.jar;C:\Users\Mehedi Hasan SQA\.m2\repository\org\seleniumhq\selenium\selenium-safari-driver\4.34.0\selenium-safari-driver-4.34.0.jar;C:\Users\Mehedi Hasan SQA\.m2\repository\org\seleniumhq\selenium\selenium-support\4.34.0\selenium-support-4.34.0.jar;C:\Users\Mehedi Hasan SQA\.m2\repository\org\apache\commons\commons-lang3\3.18.0\commons-lang3-3.18.0.jar;C:\Users\Mehedi Hasan SQA\.m2\repository\com\fasterxml\jackson\core\jackson-databind\2.18.2\jackson-databind-2.18.2.jar;C:\Users\Mehedi Hasan SQA\.m2\repository\com\fasterxml\jackson\core\jackson-annotations\2.18.2\jackson-annotations-2.18.2.jar;C:\Users\Mehedi Hasan SQA\.m2\repository\com\fasterxml\jackson\core\jackson-core\2.18.2\jackson-core-2.18.2.jar;C:\Users\Mehedi Hasan SQA\.m2\repository\org\openpnp\opencv\4.9.0-0\opencv-4.9.0-0.jar;C:\Users\Mehedi Hasan SQA\.m2\repository\org\projectlombok\lombok\1.18.32\lombok-1.18.32.jar;C:\Users\Mehedi Hasan SQA\.m2\repository\org\awaitility\awaitility\4.2.0\awaitility-4.2.0.jar;C:\Users\Mehedi Hasan SQA\.m2\repository\org\hamcrest\hamcrest\2.1\hamcrest-2.1.jar;C:\Users\Mehedi Hasan SQA\.m2\repository\com\google\code\gson\gson\2.10.1\gson-2.10.1.jar;"/>
    <property name="java.vm.vendor" value="Oracle Corporation"/>
    <property name="sun.arch.data.model" value="64"/>
    <property name="user.variant" value=""/>
    <property name="java.vendor.url" value="https://java.oracle.com/"/>
    <property name="user.timezone" value="Asia/Dhaka"/>
    <property name="os.name" value="Windows 11"/>
    <property name="java.vm.specification.version" value="21"/>
    <property name="sun.java.launcher" value="SUN_STANDARD"/>
    <property name="user.country" value="US"/>
    <property name="sun.boot.library.path" value="C:\Program Files\Java\jdk-21\bin"/>
    <property name="sun.java.command" value="C:\Users\Mehedi Hasan SQA\AppData\Local\Temp\surefire15436149771679425771\surefirebooter-20250804123209695_3.jar C:\Users\Mehedi Hasan SQA\AppData\Local\Temp\surefire15436149771679425771 2025-08-04T12-32-09_617-jvmRun1 surefire-20250804123209695_1tmp surefire_0-20250804123209695_2tmp"/>
    <property name="jdk.debug" value="release"/>
    <property name="surefire.test.class.path" value="C:\Users\Mehedi Hasan SQA\IdeaProjects\java_unit_framework\target\test-classes;C:\Users\Mehedi Hasan SQA\IdeaProjects\java_unit_framework\target\classes;C:\Users\Mehedi Hasan SQA\.m2\repository\org\testng\testng\7.8.0\testng-7.8.0.jar;C:\Users\Mehedi Hasan SQA\.m2\repository\org\slf4j\slf4j-api\1.7.36\slf4j-api-1.7.36.jar;C:\Users\Mehedi Hasan SQA\.m2\repository\com\beust\jcommander\1.82\jcommander-1.82.jar;C:\Users\Mehedi Hasan SQA\.m2\repository\org\webjars\jquery\3.6.1\jquery-3.6.1.jar;C:\Users\Mehedi Hasan SQA\.m2\repository\com\github\aquality-automation\aquality-selenium\4.13.0\aquality-selenium-4.13.0.jar;C:\Users\Mehedi Hasan SQA\.m2\repository\com\github\aquality-automation\aquality-selenium-core\4.7.0\aquality-selenium-core-4.7.0.jar;C:\Users\Mehedi Hasan SQA\.m2\repository\org\apache\logging\log4j\log4j-api\2.25.1\log4j-api-2.25.1.jar;C:\Users\Mehedi Hasan SQA\.m2\repository\org\apache\logging\log4j\log4j-core\2.25.1\log4j-core-2.25.1.jar;C:\Users\Mehedi Hasan SQA\.m2\repository\com\google\inject\guice\6.0.0\guice-6.0.0.jar;C:\Users\Mehedi Hasan SQA\.m2\repository\javax\inject\javax.inject\1\javax.inject-1.jar;C:\Users\Mehedi Hasan SQA\.m2\repository\jakarta\inject\jakarta.inject-api\2.0.1\jakarta.inject-api-2.0.1.jar;C:\Users\Mehedi Hasan SQA\.m2\repository\aopalliance\aopalliance\1.0\aopalliance-1.0.jar;C:\Users\Mehedi Hasan SQA\.m2\repository\com\google\guava\guava\33.4.8-jre\guava-33.4.8-jre.jar;C:\Users\Mehedi Hasan SQA\.m2\repository\com\google\guava\failureaccess\1.0.3\failureaccess-1.0.3.jar;C:\Users\Mehedi Hasan SQA\.m2\repository\com\google\guava\listenablefuture\9999.0-empty-to-avoid-conflict-with-guava\listenablefuture-9999.0-empty-to-avoid-conflict-with-guava.jar;C:\Users\Mehedi Hasan SQA\.m2\repository\org\jspecify\jspecify\1.0.0\jspecify-1.0.0.jar;C:\Users\Mehedi Hasan SQA\.m2\repository\com\google\errorprone\error_prone_annotations\2.36.0\error_prone_annotations-2.36.0.jar;C:\Users\Mehedi Hasan SQA\.m2\repository\com\google\j2objc\j2objc-annotations\3.0.0\j2objc-annotations-3.0.0.jar;C:\Users\Mehedi Hasan SQA\.m2\repository\org\seleniumhq\selenium\selenium-java\4.34.0\selenium-java-4.34.0.jar;C:\Users\Mehedi Hasan SQA\.m2\repository\org\seleniumhq\selenium\selenium-api\4.34.0\selenium-api-4.34.0.jar;C:\Users\Mehedi Hasan SQA\.m2\repository\org\seleniumhq\selenium\selenium-chrome-driver\4.34.0\selenium-chrome-driver-4.34.0.jar;C:\Users\Mehedi Hasan SQA\.m2\repository\com\google\auto\service\auto-service-annotations\1.1.1\auto-service-annotations-1.1.1.jar;C:\Users\Mehedi Hasan SQA\.m2\repository\org\seleniumhq\selenium\selenium-chromium-driver\4.34.0\selenium-chromium-driver-4.34.0.jar;C:\Users\Mehedi Hasan SQA\.m2\repository\org\seleniumhq\selenium\selenium-json\4.34.0\selenium-json-4.34.0.jar;C:\Users\Mehedi Hasan SQA\.m2\repository\org\seleniumhq\selenium\selenium-manager\4.34.0\selenium-manager-4.34.0.jar;C:\Users\Mehedi Hasan SQA\.m2\repository\org\seleniumhq\selenium\selenium-devtools-v136\4.34.0\selenium-devtools-v136-4.34.0.jar;C:\Users\Mehedi Hasan SQA\.m2\repository\org\seleniumhq\selenium\selenium-devtools-v137\4.34.0\selenium-devtools-v137-4.34.0.jar;C:\Users\Mehedi Hasan SQA\.m2\repository\org\seleniumhq\selenium\selenium-devtools-v138\4.34.0\selenium-devtools-v138-4.34.0.jar;C:\Users\Mehedi Hasan SQA\.m2\repository\org\seleniumhq\selenium\selenium-edge-driver\4.34.0\selenium-edge-driver-4.34.0.jar;C:\Users\Mehedi Hasan SQA\.m2\repository\org\seleniumhq\selenium\selenium-firefox-driver\4.34.0\selenium-firefox-driver-4.34.0.jar;C:\Users\Mehedi Hasan SQA\.m2\repository\org\seleniumhq\selenium\selenium-http\4.34.0\selenium-http-4.34.0.jar;C:\Users\Mehedi Hasan SQA\.m2\repository\org\seleniumhq\selenium\selenium-ie-driver\4.34.0\selenium-ie-driver-4.34.0.jar;C:\Users\Mehedi Hasan SQA\.m2\repository\org\seleniumhq\selenium\selenium-remote-driver\4.34.0\selenium-remote-driver-4.34.0.jar;C:\Users\Mehedi Hasan SQA\.m2\repository\io\opentelemetry\opentelemetry-api\1.51.0\opentelemetry-api-1.51.0.jar;C:\Users\Mehedi Hasan SQA\.m2\repository\io\opentelemetry\opentelemetry-context\1.51.0\opentelemetry-context-1.51.0.jar;C:\Users\Mehedi Hasan SQA\.m2\repository\io\opentelemetry\opentelemetry-exporter-logging\1.51.0\opentelemetry-exporter-logging-1.51.0.jar;C:\Users\Mehedi Hasan SQA\.m2\repository\io\opentelemetry\opentelemetry-sdk-common\1.51.0\opentelemetry-sdk-common-1.51.0.jar;C:\Users\Mehedi Hasan SQA\.m2\repository\io\opentelemetry\opentelemetry-sdk-extension-autoconfigure-spi\1.51.0\opentelemetry-sdk-extension-autoconfigure-spi-1.51.0.jar;C:\Users\Mehedi Hasan SQA\.m2\repository\io\opentelemetry\opentelemetry-sdk-extension-autoconfigure\1.51.0\opentelemetry-sdk-extension-autoconfigure-1.51.0.jar;C:\Users\Mehedi Hasan SQA\.m2\repository\io\opentelemetry\opentelemetry-sdk-trace\1.51.0\opentelemetry-sdk-trace-1.51.0.jar;C:\Users\Mehedi Hasan SQA\.m2\repository\io\opentelemetry\opentelemetry-sdk\1.51.0\opentelemetry-sdk-1.51.0.jar;C:\Users\Mehedi Hasan SQA\.m2\repository\io\opentelemetry\opentelemetry-sdk-metrics\1.51.0\opentelemetry-sdk-metrics-1.51.0.jar;C:\Users\Mehedi Hasan SQA\.m2\repository\io\opentelemetry\opentelemetry-sdk-logs\1.51.0\opentelemetry-sdk-logs-1.51.0.jar;C:\Users\Mehedi Hasan SQA\.m2\repository\net\bytebuddy\byte-buddy\1.17.6\byte-buddy-1.17.6.jar;C:\Users\Mehedi Hasan SQA\.m2\repository\org\seleniumhq\selenium\selenium-os\4.34.0\selenium-os-4.34.0.jar;C:\Users\Mehedi Hasan SQA\.m2\repository\org\apache\commons\commons-exec\1.5.0\commons-exec-1.5.0.jar;C:\Users\Mehedi Hasan SQA\.m2\repository\org\seleniumhq\selenium\selenium-safari-driver\4.34.0\selenium-safari-driver-4.34.0.jar;C:\Users\Mehedi Hasan SQA\.m2\repository\org\seleniumhq\selenium\selenium-support\4.34.0\selenium-support-4.34.0.jar;C:\Users\Mehedi Hasan SQA\.m2\repository\org\apache\commons\commons-lang3\3.18.0\commons-lang3-3.18.0.jar;C:\Users\Mehedi Hasan SQA\.m2\repository\com\fasterxml\jackson\core\jackson-databind\2.18.2\jackson-databind-2.18.2.jar;C:\Users\Mehedi Hasan SQA\.m2\repository\com\fasterxml\jackson\core\jackson-annotations\2.18.2\jackson-annotations-2.18.2.jar;C:\Users\Mehedi Hasan SQA\.m2\repository\com\fasterxml\jackson\core\jackson-core\2.18.2\jackson-core-2.18.2.jar;C:\Users\Mehedi Hasan SQA\.m2\repository\org\openpnp\opencv\4.9.0-0\opencv-4.9.0-0.jar;C:\Users\Mehedi Hasan SQA\.m2\repository\org\projectlombok\lombok\1.18.32\lombok-1.18.32.jar;C:\Users\Mehedi Hasan SQA\.m2\repository\org\awaitility\awaitility\4.2.0\awaitility-4.2.0.jar;C:\Users\Mehedi Hasan SQA\.m2\repository\org\hamcrest\hamcrest\2.1\hamcrest-2.1.jar;C:\Users\Mehedi Hasan SQA\.m2\repository\com\google\code\gson\gson\2.10.1\gson-2.10.1.jar;"/>
    <property name="sun.cpu.endian" value="little"/>
    <property name="user.home" value="C:\Users\Mehedi Hasan SQA"/>
    <property name="user.language" value="en"/>
    <property name="java.specification.vendor" value="Oracle Corporation"/>
    <property name="java.version.date" value="2025-07-15"/>
    <property name="java.home" value="C:\Program Files\Java\jdk-21"/>
    <property name="file.separator" value="\"/>
    <property name="basedir" value="C:\Users\Mehedi Hasan SQA\IdeaProjects\java_unit_framework"/>
    <property name="java.vm.compressedOopsMode" value="Zero based"/>
    <property name="line.separator" value="&#10;"/>
    <property name="java.vm.specification.vendor" value="Oracle Corporation"/>
    <property name="java.specification.name" value="Java Platform API Specification"/>
    <property name="surefire.real.class.path" value="C:\Users\Mehedi Hasan SQA\AppData\Local\Temp\surefire15436149771679425771\surefirebooter-20250804123209695_3.jar"/>
    <property name="user.script" value=""/>
    <property name="sun.management.compiler" value="HotSpot 64-Bit Tiered Compilers"/>
    <property name="java.runtime.version" value="21.0.8+12-LTS-250"/>
    <property name="user.name" value="Mehedi Hasan SQA"/>
    <property name="stdout.encoding" value="Cp1252"/>
    <property name="path.separator" value=";"/>
    <property name="os.version" value="10.0"/>
    <property name="java.runtime.name" value="Java(TM) SE Runtime Environment"/>
    <property name="file.encoding" value="UTF-8"/>
    <property name="java.vm.name" value="Java HotSpot(TM) 64-Bit Server VM"/>
    <property name="localRepository" value="C:\Users\Mehedi Hasan SQA\.m2\repository"/>
    <property name="java.vendor.url.bug" value="https://bugreport.java.com/bugreport/"/>
    <property name="java.io.tmpdir" value="C:\Users\MEHEDI~1\AppData\Local\Temp\"/>
    <property name="java.version" value="21.0.8"/>
    <property name="user.dir" value="C:\Users\Mehedi Hasan SQA\IdeaProjects\java_unit_framework"/>
    <property name="os.arch" value="amd64"/>
    <property name="java.vm.specification.name" value="Java Virtual Machine Specification"/>
    <property name="sun.os.patch.level" value=""/>
    <property name="native.encoding" value="Cp1252"/>
    <property name="java.library.path" value="C:\Program Files\Java\jdk-21\bin;C:\Windows\Sun\Java\bin;C:\Windows\system32;C:\Windows;C:\Program Files\Java\jdk-21\bin;C:\Program Files\Common Files\Oracle\Java\javapath;C:\Program Files (x86)\Common Files\Oracle\Java\java8path;C:\Program Files (x86)\Common Files\Oracle\Java\javapath;C:\Windows\system32;C:\Windows;C:\Windows\System32\Wbem;C:\Windows\System32\WindowsPowerShell\v1.0\;C:\Windows\System32\OpenSSH\;C:\Program Files\Apache\Maven\apache-maven-3.9.11\bin;C:\Program Files\Java\jdk-21\bin;C:\Users\Mehedi Hasan SQA\AppData\Local\Microsoft\WindowsApps;C:\Users\Mehedi Hasan SQA\AppData\Local\Programs\Git\cmd;."/>
    <property name="java.vm.info" value="mixed mode, sharing"/>
    <property name="stderr.encoding" value="Cp1252"/>
    <property name="java.vendor" value="Oracle Corporation"/>
    <property name="java.vm.version" value="21.0.8+12-LTS-250"/>
    <property name="sun.io.unicode.encoding" value="UnicodeLittle"/>
    <property name="java.class.version" value="65.0"/>
  </properties>
  <testcase name="alertTest" classname="tests.AlertTest" time="0.488">
    <system-out><![CDATA[2025-08-04 12:32:11 INFO  - Browser 'CHROME' ready...
2025-08-04 12:32:11 INFO  - Maximizing browser window
2025-08-04 12:32:11 INFO  - Navigate to url - 'https://the-internet.herokuapp.com'
2025-08-04 12:32:18 INFO  - Link 'JavaScript Alerts' :: Clicking
2025-08-04 12:32:19 INFO  - Button 'Click for JS alert' :: Clicking
2025-08-04 12:32:19 INFO  - Accepting browser alert
]]></system-out>
    <system-err><![CDATA[SLF4J: Failed to load class "org.slf4j.impl.StaticLoggerBinder".
SLF4J: Defaulting to no-operation (NOP) logger implementation
SLF4J: See http://www.slf4j.org/codes.html#StaticLoggerBinder for further details.
2025-08-04T06:32:10.569222500Z main INFO Starting configuration org.apache.logging.log4j.core.config.properties.PropertiesConfiguration@187eb9a8...
2025-08-04T06:32:10.569222500Z main INFO Configuration org.apache.logging.log4j.core.config.properties.PropertiesConfiguration@187eb9a8 started.
2025-08-04T06:32:10.570225400Z main INFO Stopping configuration org.apache.logging.log4j.core.config.DefaultConfiguration@54e81b21...
2025-08-04T06:32:10.570225400Z main INFO Configuration org.apache.logging.log4j.core.config.DefaultConfiguration@54e81b21 stopped.
]]></system-err>
  </testcase>
  <testcase name="basicAuthTest" classname="tests.BasicAuthTest" time="0.0">
    <system-out><![CDATA[2025-08-04 12:32:19 INFO  - Closing browser
2025-08-04 12:32:20 INFO  - Browser 'CHROME' ready...
2025-08-04 12:32:20 INFO  - Maximizing browser window
2025-08-04 12:32:20 INFO  - Navigate to url - 'https://the-internet.herokuapp.com'
]]></system-out>
  </testcase>
  <testcase name="dataTableTest" classname="tests.DataTableTests" time="0.668">
    <failure message="Cannot invoke &quot;java.util.List.iterator()&quot; because the return value of &quot;pages.DataTablesPage.getFirstDueList()&quot; is null" type="java.lang.NullPointerException"><![CDATA[java.lang.NullPointerException: Cannot invoke "java.util.List.iterator()" because the return value of "pages.DataTablesPage.getFirstDueList()" is null
	at tests.DataTableTests.dataTableTest(DataTableTests.java:17)
	at java.base/jdk.internal.reflect.DirectMethodHandleAccessor.invoke(DirectMethodHandleAccessor.java:103)
	at java.base/java.lang.reflect.Method.invoke(Method.java:580)
	at org.testng.internal.invokers.MethodInvocationHelper.invokeMethod(MethodInvocationHelper.java:139)
	at org.testng.internal.invokers.TestInvoker.invokeMethod(TestInvoker.java:664)
	at org.testng.internal.invokers.TestInvoker.invokeTestMethod(TestInvoker.java:227)
	at org.testng.internal.invokers.MethodRunner.runInSequence(MethodRunner.java:50)
	at org.testng.internal.invokers.TestInvoker$MethodInvocationAgent.invoke(TestInvoker.java:957)
	at org.testng.internal.invokers.TestInvoker.invokeTestMethods(TestInvoker.java:200)
	at org.testng.internal.invokers.TestMethodWorker.invokeTestMethods(TestMethodWorker.java:148)
	at org.testng.internal.invokers.TestMethodWorker.run(TestMethodWorker.java:128)
	at java.base/java.util.ArrayList.forEach(ArrayList.java:1596)
	at org.testng.TestRunner.privateRun(TestRunner.java:848)
	at org.testng.TestRunner.run(TestRunner.java:621)
	at org.testng.SuiteRunner.runTest(SuiteRunner.java:443)
	at org.testng.SuiteRunner.runSequentially(SuiteRunner.java:437)
	at org.testng.SuiteRunner.privateRun(SuiteRunner.java:397)
	at org.testng.SuiteRunner.run(SuiteRunner.java:336)
	at org.testng.SuiteRunnerWorker.runSuite(SuiteRunnerWorker.java:52)
	at org.testng.SuiteRunnerWorker.run(SuiteRunnerWorker.java:95)
	at org.testng.TestNG.runSuitesSequentially(TestNG.java:1280)
	at org.testng.TestNG.runSuitesLocally(TestNG.java:1200)
	at org.testng.TestNG.runSuites(TestNG.java:1114)
	at org.testng.TestNG.run(TestNG.java:1082)
	at org.apache.maven.surefire.testng.TestNGExecutor.run(TestNGExecutor.java:155)
	at org.apache.maven.surefire.testng.TestNGDirectoryTestSuite.executeMulti(TestNGDirectoryTestSuite.java:169)
	at org.apache.maven.surefire.testng.TestNGDirectoryTestSuite.execute(TestNGDirectoryTestSuite.java:88)
	at org.apache.maven.surefire.testng.TestNGProvider.invoke(TestNGProvider.java:137)
	at org.apache.maven.surefire.booter.ForkedBooter.runSuitesInProcess(ForkedBooter.java:385)
	at org.apache.maven.surefire.booter.ForkedBooter.execute(ForkedBooter.java:162)
	at org.apache.maven.surefire.booter.ForkedBooter.run(ForkedBooter.java:507)
	at org.apache.maven.surefire.booter.ForkedBooter.main(ForkedBooter.java:495)
]]></failure>
    <system-out><![CDATA[2025-08-04 12:32:28 INFO  - Closing browser
2025-08-04 12:32:29 INFO  - Browser 'CHROME' ready...
2025-08-04 12:32:29 INFO  - Maximizing browser window
2025-08-04 12:32:29 INFO  - Navigate to url - 'https://the-internet.herokuapp.com'
2025-08-04 12:32:32 INFO  - Link 'Sortable Data Tables' :: Clicking
]]></system-out>
  </testcase>
  <testcase name="dynamicControlsTest" classname="tests.DynamicControlsTest" time="0.0">
    <system-out><![CDATA[2025-08-04 12:32:33 INFO  - Closing browser
2025-08-04 12:32:34 INFO  - Browser 'CHROME' ready...
2025-08-04 12:32:34 INFO  - Maximizing browser window
2025-08-04 12:32:34 INFO  - Navigate to url - 'https://the-internet.herokuapp.com'
]]></system-out>
  </testcase>
  <testcase name="fileDownloadTest" classname="tests.FileDownloadTest" time="0.0">
    <system-out><![CDATA[2025-08-04 12:32:37 INFO  - Closing browser
2025-08-04 12:32:38 INFO  - Browser 'CHROME' ready...
2025-08-04 12:32:38 INFO  - Maximizing browser window
2025-08-04 12:32:38 INFO  - Navigate to url - 'https://the-internet.herokuapp.com'
]]></system-out>
  </testcase>
  <testcase name="fileUploadTest" classname="tests.FileUploadTest" time="0.0">
    <system-out><![CDATA[2025-08-04 12:32:41 INFO  - Closing browser
2025-08-04 12:32:42 INFO  - Browser 'CHROME' ready...
2025-08-04 12:32:42 INFO  - Maximizing browser window
2025-08-04 12:32:42 INFO  - Navigate to url - 'https://the-internet.herokuapp.com'
]]></system-out>
  </testcase>
</testsuite>