<?xml version="1.0" encoding="UTF-8"?>
<!-- Generated by org.testng.reporters.JUnitReportReporter -->
<testsuite hostname="DESKTOP-7Q707H3" failures="0" tests="1" name="tests.BasicAuthTest" time="9.224" errors="0" timestamp="2025-08-04T12:32:45 BDT" skipped="0">
  <testcase classname="tests.BasicAuthTest" name="basicAuthTest" time="9.224"/>
</testsuite> <!-- tests.BasicAuthTest -->
