<?xml version="1.0" encoding="UTF-8"?>
<!-- Generated by org.testng.reporters.JUnitReportReporter -->
<testsuite hostname="DESKTOP-7Q707H3" failures="0" tests="1" name="tests.AlertTest" time="8.036" errors="0" timestamp="2025-08-04T12:32:45 BDT" skipped="0">
  <testcase classname="tests.AlertTest" name="alertTest" time="8.036"/>
</testsuite> <!-- tests.AlertTest -->
